0 info it worked if it ends with ok
1 verbose cli [ 'C:\\Program Files\\nodejs\\node.exe',
1 verbose cli   'C:\\Program Files\\nodejs\\node_modules\\npm\\bin\\npm-cli.js',
1 verbose cli   'i',
1 verbose cli   '-g',
1 verbose cli   'typescript' ]
2 info using npm@3.8.6
3 info using node@v6.1.0
4 silly loadCurrentTree Starting
5 silly install loadCurrentTree
6 silly install readGlobalPackageData
7 silly fetchPackageMetaData typescript
8 silly fetchNamedPackageData typescript
9 silly mapToRegistry name typescript
10 silly mapToRegistry using default registry
11 silly mapToRegistry registry https://registry.npmjs.org/
12 silly mapToRegistry data Result {
12 silly mapToRegistry   raw: 'typescript',
12 silly mapToRegistry   scope: null,
12 silly mapToRegistry   name: 'typescript',
12 silly mapToRegistry   rawSpec: '',
12 silly mapToRegistry   spec: 'latest',
12 silly mapToRegistry   type: 'tag' }
13 silly mapToRegistry uri https://registry.npmjs.org/typescript
14 verbose request uri https://registry.npmjs.org/typescript
15 verbose request no auth needed
16 info attempt registry request try #1 at 6:38:38 PM
17 verbose request id d5e4095b0f51db53
18 verbose etag "DREUESMVI0KD4NMZGZCBKIDGQ"
19 http request GET https://registry.npmjs.org/typescript
20 http 200 https://registry.npmjs.org/typescript
21 verbose headers { server: 'CouchDB/1.5.0 (Erlang OTP/R16B03)',
21 verbose headers   etag: '"1WYFR8AFBZ3CJ3V0AB0T6S1AT"',
21 verbose headers   'content-type': 'application/json',
21 verbose headers   'content-encoding': 'gzip',
21 verbose headers   'cache-control': 'max-age=300',
21 verbose headers   'content-length': '71099',
21 verbose headers   'accept-ranges': 'bytes',
21 verbose headers   date: 'Tue, 27 Sep 2016 22:38:17 GMT',
21 verbose headers   via: '1.1 varnish',
21 verbose headers   age: '189',
21 verbose headers   connection: 'keep-alive',
21 verbose headers   'x-served-by': 'cache-jfk8129-JFK',
21 verbose headers   'x-cache': 'HIT',
21 verbose headers   'x-cache-hits': '3',
21 verbose headers   'x-timer': 'S1475015897.325014,VS0,VE0',
21 verbose headers   vary: 'Accept-Encoding' }
22 silly get cb [ 200,
22 silly get   { server: 'CouchDB/1.5.0 (Erlang OTP/R16B03)',
22 silly get     etag: '"1WYFR8AFBZ3CJ3V0AB0T6S1AT"',
22 silly get     'content-type': 'application/json',
22 silly get     'content-encoding': 'gzip',
22 silly get     'cache-control': 'max-age=300',
22 silly get     'content-length': '71099',
22 silly get     'accept-ranges': 'bytes',
22 silly get     date: 'Tue, 27 Sep 2016 22:38:17 GMT',
22 silly get     via: '1.1 varnish',
22 silly get     age: '189',
22 silly get     connection: 'keep-alive',
22 silly get     'x-served-by': 'cache-jfk8129-JFK',
22 silly get     'x-cache': 'HIT',
22 silly get     'x-cache-hits': '3',
22 silly get     'x-timer': 'S1475015897.325014,VS0,VE0',
22 silly get     vary: 'Accept-Encoding' } ]
23 verbose get saving typescript to C:\Users\tiedy\AppData\Roaming\npm-cache\registry.npmjs.org\typescript\.cache.json
24 verbose correctMkdir C:\Users\tiedy\AppData\Roaming\npm-cache correctMkdir not in flight; initializing
25 silly install normalizeTree
26 silly loadCurrentTree Finishing
27 silly loadIdealTree Starting
28 silly install loadIdealTree
29 silly cloneCurrentTree Starting
30 silly install cloneCurrentTreeToIdealTree
31 silly cloneCurrentTree Finishing
32 silly loadShrinkwrap Starting
33 silly install loadShrinkwrap
34 silly loadShrinkwrap Finishing
35 silly loadAllDepsIntoIdealTree Starting
36 silly install loadAllDepsIntoIdealTree
37 silly resolveWithNewModule typescript@2.0.3 checking installable status
38 silly cache add args [ 'typescript', null ]
39 verbose cache add spec typescript
40 silly cache add parsed spec Result {
40 silly cache add   raw: 'typescript',
40 silly cache add   scope: null,
40 silly cache add   name: 'typescript',
40 silly cache add   rawSpec: '',
40 silly cache add   spec: 'latest',
40 silly cache add   type: 'tag' }
41 silly addNamed typescript@latest
42 verbose addNamed "latest" is being treated as a dist-tag for typescript
43 info addNameTag [ 'typescript', 'latest' ]
44 silly mapToRegistry name typescript
45 silly mapToRegistry using default registry
46 silly mapToRegistry registry https://registry.npmjs.org/
47 silly mapToRegistry data Result {
47 silly mapToRegistry   raw: 'typescript',
47 silly mapToRegistry   scope: null,
47 silly mapToRegistry   name: 'typescript',
47 silly mapToRegistry   rawSpec: '',
47 silly mapToRegistry   spec: 'latest',
47 silly mapToRegistry   type: 'tag' }
48 silly mapToRegistry uri https://registry.npmjs.org/typescript
49 verbose addNameTag registry:https://registry.npmjs.org/typescript not in flight; fetching
50 verbose get https://registry.npmjs.org/typescript not expired, no request
51 silly addNameTag next cb for typescript with tag latest
52 silly addNamed typescript@2.0.3
53 verbose addNamed "2.0.3" is a plain semver version for typescript
54 silly cache afterAdd typescript@2.0.3
55 verbose afterAdd C:\Users\tiedy\AppData\Roaming\npm-cache\typescript\2.0.3\package\package.json not in flight; writing
56 verbose correctMkdir C:\Users\tiedy\AppData\Roaming\npm-cache correctMkdir not in flight; initializing
57 verbose afterAdd C:\Users\tiedy\AppData\Roaming\npm-cache\typescript\2.0.3\package\package.json written
58 silly loadAllDepsIntoIdealTree Finishing
59 silly idealTree:prePrune npm
59 silly idealTree:prePrune `-- typescript@2.0.3
60 silly loadIdealTree Finishing
61 silly currentTree npm
61 silly currentTree `-- typescript@2.0.2
62 silly idealTree npm
62 silly idealTree `-- typescript@2.0.3
63 silly generateActionsToTake Starting
64 silly install generateActionsToTake
65 silly generateActionsToTake Finishing
66 silly diffTrees action count 1
67 silly diffTrees update typescript@2.0.3
68 silly decomposeActions action count 8
69 silly decomposeActions fetch typescript@2.0.3
70 silly decomposeActions extract typescript@2.0.3
71 silly decomposeActions test typescript@2.0.3
72 silly decomposeActions preinstall typescript@2.0.3
73 silly decomposeActions build typescript@2.0.3
74 silly decomposeActions install typescript@2.0.3
75 silly decomposeActions postinstall typescript@2.0.3
76 silly decomposeActions finalize typescript@2.0.3
77 silly executeActions Starting
78 silly install executeActions
79 silly doSerial global-install 0
80 silly doParallel fetch 1
81 verbose correctMkdir C:\Users\tiedy\AppData\Roaming\npm-cache\_locks correctMkdir not in flight; initializing
82 verbose lock using C:\Users\tiedy\AppData\Roaming\npm-cache\_locks\staging-ea60b6c153b0f375.lock for C:\Users\tiedy\AppData\Roaming\npm\node_modules\.staging
83 silly doParallel extract 1
84 silly extract typescript@2.0.3
85 verbose unbuild node_modules\.staging\typescript-6348baad
86 silly gentlyRm C:\Users\tiedy\AppData\Roaming\npm\node_modules\.staging\typescript-6348baad is being purged from base C:\Users\tiedy\AppData\Roaming\npm
87 verbose gentlyRm don't care about contents; nuking C:\Users\tiedy\AppData\Roaming\npm\node_modules\.staging\typescript-6348baad
88 verbose tar unpack C:\Users\tiedy\AppData\Roaming\npm-cache\typescript\2.0.3\package.tgz
89 verbose tar unpacking to C:\Users\tiedy\AppData\Roaming\npm\node_modules\.staging\typescript-6348baad
90 silly gentlyRm C:\Users\tiedy\AppData\Roaming\npm\node_modules\.staging\typescript-6348baad is being purged
91 verbose gentlyRm don't care about contents; nuking C:\Users\tiedy\AppData\Roaming\npm\node_modules\.staging\typescript-6348baad
92 silly gunzTarPerm modes [ '777', '666' ]
93 silly gunzTarPerm extractEntry package.json
94 silly gunzTarPerm extractEntry .npmignore
95 silly gunzTarPerm extractEntry README.md
96 silly gunzTarPerm extractEntry ThirdPartyNoticeText.txt
97 silly gunzTarPerm extractEntry AUTHORS.md
98 silly gunzTarPerm extractEntry CONTRIBUTING.md
99 silly gunzTarPerm extractEntry CopyrightNotice.txt
100 silly gunzTarPerm extractEntry Gulpfile.ts
101 silly gunzTarPerm extractEntry LICENSE.txt
102 silly gunzTarPerm extractEntry .mailmap
103 silly gunzTarPerm extractEntry bin/tsc
104 silly gunzTarPerm extractEntry bin/tsserver
105 silly gunzTarPerm extractEntry lib/README.md
106 silly gunzTarPerm extractEntry lib/typescript.js
107 silly gunzTarPerm extractEntry lib/tsserverlibrary.js
108 silly gunzTarPerm extractEntry lib/tsserver.js
109 silly gunzTarPerm extractEntry lib/tsc.js
110 silly gunzTarPerm extractEntry lib/typescriptServices.js
111 silly gunzTarPerm extractEntry lib/lib.es2017.sharedmemory.d.ts
112 silly gunzTarPerm extractEntry lib/lib.es2015.d.ts
113 silly gunzTarPerm extractEntry lib/lib.es2015.iterable.d.ts
114 silly gunzTarPerm extractEntry lib/lib.es2015.promise.d.ts
115 silly gunzTarPerm extractEntry lib/lib.es2015.proxy.d.ts
116 silly gunzTarPerm extractEntry lib/lib.es2015.reflect.d.ts
117 silly gunzTarPerm extractEntry lib/lib.es2015.symbol.d.ts
118 silly gunzTarPerm extractEntry lib/lib.es2015.symbol.wellknown.d.ts
119 silly gunzTarPerm extractEntry lib/lib.es2016.array.include.d.ts
120 silly gunzTarPerm extractEntry lib/lib.d.ts
121 silly gunzTarPerm extractEntry lib/lib.es2017.d.ts
122 silly gunzTarPerm extractEntry lib/lib.es2017.object.d.ts
123 silly gunzTarPerm extractEntry lib/lib.es2015.generator.d.ts
124 silly gunzTarPerm extractEntry lib/lib.es5.d.ts
125 silly gunzTarPerm extractEntry lib/lib.es6.d.ts
126 silly gunzTarPerm extractEntry lib/lib.scripthost.d.ts
127 silly gunzTarPerm extractEntry lib/lib.webworker.d.ts
128 silly gunzTarPerm extractEntry lib/lib.es2015.core.d.ts
129 silly gunzTarPerm extractEntry lib/lib.es2015.collection.d.ts
130 silly gunzTarPerm extractEntry lib/tsserverlibrary.d.ts
131 silly gunzTarPerm extractEntry lib/lib.dom.iterable.d.ts
132 silly gunzTarPerm extractEntry lib/typescript.d.ts
133 silly gunzTarPerm extractEntry lib/lib.dom.d.ts
134 silly gunzTarPerm extractEntry lib/typescriptServices.d.ts
135 silly gunzTarPerm extractEntry lib/lib.es2016.d.ts
136 silly gunzTarPerm extractEntry test.config
137 silly gentlyRm C:\Users\tiedy\AppData\Roaming\npm\node_modules\.staging\typescript-6348baad\node_modules is being purged
138 verbose gentlyRm don't care about contents; nuking C:\Users\tiedy\AppData\Roaming\npm\node_modules\.staging\typescript-6348baad\node_modules
139 silly doParallel preinstall 1
140 silly preinstall typescript@2.0.3 C:\Users\tiedy\AppData\Roaming\npm\node_modules\.staging\typescript-6348baad
141 info lifecycle typescript@2.0.3~preinstall: typescript@2.0.3
142 silly lifecycle typescript@2.0.3~preinstall: no script for preinstall, continuing
143 silly doReverseSerial remove 0
144 silly doSerial move 0
145 silly doSerial finalize 1
146 silly finalize C:\Users\tiedy\AppData\Roaming\npm\node_modules\typescript
147 verbose unlock done using C:\Users\tiedy\AppData\Roaming\npm-cache\_locks\staging-ea60b6c153b0f375.lock for C:\Users\tiedy\AppData\Roaming\npm\node_modules\.staging
148 silly rollbackFailedOptional Starting
149 silly rollbackFailedOptional Finishing
150 silly runTopLevelLifecycles Starting
151 silly runTopLevelLifecycles Finishing
152 silly install printInstalled
153 verbose stack Error: EPERM: operation not permitted, rename 'C:\Users\tiedy\AppData\Roaming\npm\node_modules\typescript' -> 'C:\Users\tiedy\AppData\Roaming\npm\node_modules\.typescript.DELETE'
153 verbose stack     at moveAway (C:\Program Files\nodejs\node_modules\npm\lib\install\action\finalize.js:38:5)
153 verbose stack     at destStatted (C:\Program Files\nodejs\node_modules\npm\lib\install\action\finalize.js:27:7)
153 verbose stack     at FSReqWrap.oncomplete (fs.js:117:15)
153 verbose stack
153 verbose stack Error: EPERM: operation not permitted, rename 'C:\Users\tiedy\AppData\Roaming\npm\node_modules\typescript' -> 'C:\Users\tiedy\AppData\Roaming\npm\node_modules\.typescript.DELETE'
153 verbose stack     at Error (native)
154 verbose cwd c:\repos\in-pursuit
155 error Windows_NT 10.0.14393
156 error argv "C:\\Program Files\\nodejs\\node.exe" "C:\\Program Files\\nodejs\\node_modules\\npm\\bin\\npm-cli.js" "i" "-g" "typescript"
157 error node v6.1.0
158 error npm  v3.8.6
159 error path C:\Users\tiedy\AppData\Roaming\npm\node_modules\typescript
160 error code EPERM
161 error errno -4048
162 error syscall rename
163 error Error: EPERM: operation not permitted, rename 'C:\Users\tiedy\AppData\Roaming\npm\node_modules\typescript' -> 'C:\Users\tiedy\AppData\Roaming\npm\node_modules\.typescript.DELETE'
163 error     at moveAway (C:\Program Files\nodejs\node_modules\npm\lib\install\action\finalize.js:38:5)
163 error     at destStatted (C:\Program Files\nodejs\node_modules\npm\lib\install\action\finalize.js:27:7)
163 error     at FSReqWrap.oncomplete (fs.js:117:15)
163 error
163 error Error: EPERM: operation not permitted, rename 'C:\Users\tiedy\AppData\Roaming\npm\node_modules\typescript' -> 'C:\Users\tiedy\AppData\Roaming\npm\node_modules\.typescript.DELETE'
163 error     at Error (native)
163 error  Error: EPERM: operation not permitted, rename 'C:\Users\tiedy\AppData\Roaming\npm\node_modules\typescript' -> 'C:\Users\tiedy\AppData\Roaming\npm\node_modules\.typescript.DELETE'
163 error     at moveAway (C:\Program Files\nodejs\node_modules\npm\lib\install\action\finalize.js:38:5)
163 error     at destStatted (C:\Program Files\nodejs\node_modules\npm\lib\install\action\finalize.js:27:7)
163 error     at FSReqWrap.oncomplete (fs.js:117:15)
163 error
163 error Error: EPERM: operation not permitted, rename 'C:\Users\tiedy\AppData\Roaming\npm\node_modules\typescript' -> 'C:\Users\tiedy\AppData\Roaming\npm\node_modules\.typescript.DELETE'
163 error     at Error (native)
164 error Please try running this command again as root/Administrator.
165 verbose exit [ -4048, true ]
